# JRE version: Java(TM) SE Runtime Environment (8.0_181-b13) (build 1.8.0_181-b13)
# Java VM: Java HotSpot(TM) 64-Bit Server VM (25.181-b13 mixed mode linux-amd64 compressed oops)
Heap:
 PSYoungGen      total 70656K, used 5122K [0x00000000ebb80000, 0x00000000f0980000, 0x0000000100000000)
  eden space 62464K, 0% used [0x00000000ebb80000,0x00000000ebb80000,0x00000000ef880000)
  from space 8192K, 62% used [0x00000000ef880000,0x00000000efd80900,0x00000000f0080000)
  to   space 7168K, 0% used [0x00000000f0080000,0x00000000f0080000,0x00000000f0780000)
 ParOldGen       total 42496K, used 11565K [0x00000000c3200000, 0x00000000c5b80000, 0x00000000ebb80000)
  object space 42496K, 27% used [0x00000000c3200000,0x00000000c3d4b560,0x00000000c5b80000)
 Metaspace       used 16184K, capacity 16572K, committed 16896K, reserved 1064960K
  class space    used 2116K, capacity 2238K, committed 2304K, reserved 1048576K
GC Heap History (10 events):
Event: 9,204 GC heap after
Heap after GC invocations=4 (full 0):
 PSYoungGen      total 18432K, used 2550K [0x00000000ebb80000, 0x00000000edf80000, 0x0000000100000000)
  eden space 15872K, 0% used [0x00000000ebb80000,0x00000000ebb80000,0x00000000ecb00000)
  from space 2560K, 99% used [0x00000000ecd80000,0x00000000ecffda70,0x00000000ed000000)
  to   space 2560K, 0% used [0x00000000ecb00000,0x00000000ecb00000,0x00000000ecd80000)
 ParOldGen       total 42496K, used 7721K [0x00000000c3200000, 0x00000000c5b80000, 0x00000000ebb80000)
  object space 42496K, 18% used [0x00000000c3200000,0x00000000c398a770,0x00000000c5b80000)
 Metaspace       used 11240K, capacity 11558K, committed 11648K, reserved 1058816K
  class space    used 1294K, capacity 1379K, committed 1408K, reserved 1048576K
}
Event: 9,381 GC heap before
{Heap before GC invocations=5 (full 0):
 PSYoungGen      total 18432K, used 18422K [0x00000000ebb80000, 0x00000000edf80000, 0x0000000100000000)
  eden space 15872K, 100% used [0x00000000ebb80000,0x00000000ecb00000,0x00000000ecb00000)
  from space 2560K, 99% used [0x00000000ecd80000,0x00000000ecffda70,0x00000000ed000000)
  to   space 2560K, 0% used [0x00000000ecb00000,0x00000000ecb00000,0x00000000ecd80000)
 ParOldGen       total 42496K, used 7721K [0x00000000c3200000, 0x00000000c5b80000, 0x00000000ebb80000)
  object space 42496K, 18% used [0x00000000c3200000,0x00000000c398a770,0x00000000c5b80000)
 Metaspace       used 11439K, capacity 11720K, committed 12032K, reserved 1060864K
  class space    used 1323K, capacity 1413K, committed 1536K, reserved 1048576K
Event: 9,389 GC heap after
Heap after GC invocations=5 (full 0):
 PSYoungGen      total 18432K, used 2543K [0x00000000ebb80000, 0x00000000ee980000, 0x0000000100000000)
  eden space 15872K, 0% used [0x00000000ebb80000,0x00000000ebb80000,0x00000000ecb00000)
  from space 2560K, 99% used [0x00000000ecb00000,0x00000000ecd7bcc0,0x00000000ecd80000)
  to   space 7680K, 0% used [0x00000000ee200000,0x00000000ee200000,0x00000000ee980000)
 ParOldGen       total 42496K, used 9082K [0x00000000c3200000, 0x00000000c5b80000, 0x00000000ebb80000)
  object space 42496K, 21% used [0x00000000c3200000,0x00000000c3adeb18,0x00000000c5b80000)
 Metaspace       used 11439K, capacity 11720K, committed 12032K, reserved 1060864K
  class space    used 1323K, capacity 1413K, committed 1536K, reserved 1048576K
}
Event: 9,399 GC heap before
{Heap before GC invocations=6 (full 0):
 PSYoungGen      total 18432K, used 18398K [0x00000000ebb80000, 0x00000000ee980000, 0x0000000100000000)
  eden space 15872K, 99% used [0x00000000ebb80000,0x00000000ecafbd58,0x00000000ecb00000)
  from space 2560K, 99% used [0x00000000ecb00000,0x00000000ecd7bcc0,0x00000000ecd80000)
  to   space 7680K, 0% used [0x00000000ee200000,0x00000000ee200000,0x00000000ee980000)
 ParOldGen       total 42496K, used 9082K [0x00000000c3200000, 0x00000000c5b80000, 0x00000000ebb80000)
  object space 42496K, 21% used [0x00000000c3200000,0x00000000c3adeb18,0x00000000c5b80000)
 Metaspace       used 11458K, capacity 11784K, committed 12032K, reserved 1060864K
  class space    used 1324K, capacity 1413K, committed 1536K, reserved 1048576K
Event: 9,404 GC heap after
Heap after GC invocations=6 (full 0):
 PSYoungGen      total 39424K, used 2590K [0x00000000ebb80000, 0x00000000ee980000, 0x0000000100000000)
  eden space 31744K, 0% used [0x00000000ebb80000,0x00000000ebb80000,0x00000000eda80000)
  from space 7680K, 33% used [0x00000000ee200000,0x00000000ee487980,0x00000000ee980000)
  to   space 7680K, 0% used [0x00000000eda80000,0x00000000eda80000,0x00000000ee200000)
 ParOldGen       total 42496K, used 9082K [0x00000000c3200000, 0x00000000c5b80000, 0x00000000ebb80000)
  object space 42496K, 21% used [0x00000000c3200000,0x00000000c3adeb18,0x00000000c5b80000)
 Metaspace       used 11458K, capacity 11784K, committed 12032K, reserved 1060864K
  class space    used 1324K, capacity 1413K, committed 1536K, reserved 1048576K
}
Event: 10,056 GC heap before
{Heap before GC invocations=7 (full 0):
 PSYoungGen      total 39424K, used 34334K [0x00000000ebb80000, 0x00000000ee980000, 0x0000000100000000)
  eden space 31744K, 100% used [0x00000000ebb80000,0x00000000eda80000,0x00000000eda80000)
  from space 7680K, 33% used [0x00000000ee200000,0x00000000ee487980,0x00000000ee980000)
  to   space 7680K, 0% used [0x00000000eda80000,0x00000000eda80000,0x00000000ee200000)
 ParOldGen       total 42496K, used 9082K [0x00000000c3200000, 0x00000000c5b80000, 0x00000000ebb80000)
  object space 42496K, 21% used [0x00000000c3200000,0x00000000c3adeb18,0x00000000c5b80000)
 Metaspace       used 13474K, capacity 13812K, committed 14080K, reserved 1060864K
  class space    used 1648K, capacity 1748K, committed 1792K, reserved 1048576K
Event: 10,103 GC heap after
Heap after GC invocations=7 (full 0):
 PSYoungGen      total 39424K, used 3761K [0x00000000ebb80000, 0x00000000f0780000, 0x0000000100000000)
  eden space 31744K, 0% used [0x00000000ebb80000,0x00000000ebb80000,0x00000000eda80000)
  from space 7680K, 48% used [0x00000000eda80000,0x00000000ede2c430,0x00000000ee200000)
  to   space 7168K, 0% used [0x00000000f0080000,0x00000000f0080000,0x00000000f0780000)
 ParOldGen       total 42496K, used 10106K [0x00000000c3200000, 0x00000000c5b80000, 0x00000000ebb80000)
  object space 42496K, 23% used [0x00000000c3200000,0x00000000c3bde870,0x00000000c5b80000)
 Metaspace       used 13474K, capacity 13812K, committed 14080K, reserved 1060864K
  class space    used 1648K, capacity 1748K, committed 1792K, reserved 1048576K
}
Event: 11,514 GC heap before
{Heap before GC invocations=8 (full 0):
 PSYoungGen      total 39424K, used 35505K [0x00000000ebb80000, 0x00000000f0780000, 0x0000000100000000)
  eden space 31744K, 100% used [0x00000000ebb80000,0x00000000eda80000,0x00000000eda80000)
  from space 7680K, 48% used [0x00000000eda80000,0x00000000ede2c430,0x00000000ee200000)
  to   space 7168K, 0% used [0x00000000f0080000,0x00000000f0080000,0x00000000f0780000)
 ParOldGen       total 42496K, used 10106K [0x00000000c3200000, 0x00000000c5b80000, 0x00000000ebb80000)
  object space 42496K, 23% used [0x00000000c3200000,0x00000000c3bde870,0x00000000c5b80000)
 Metaspace       used 15736K, capacity 16026K, committed 16256K, reserved 1062912K
  class space    used 2059K, capacity 2165K, committed 2176K, reserved 1048576K
Event: 14,476 GC heap after
Heap after GC invocations=8 (full 0):
 PSYoungGen      total 69632K, used 6812K [0x00000000ebb80000, 0x00000000f0980000, 0x0000000100000000)
  eden space 62464K, 0% used [0x00000000ebb80000,0x00000000ebb80000,0x00000000ef880000)
  from space 7168K, 95% used [0x00000000f0080000,0x00000000f07271f0,0x00000000f0780000)
  to   space 8192K, 0% used [0x00000000ef880000,0x00000000ef880000,0x00000000f0080000)
 ParOldGen       total 42496K, used 10746K [0x00000000c3200000, 0x00000000c5b80000, 0x00000000ebb80000)
  object space 42496K, 25% used [0x00000000c3200000,0x00000000c3c7eb28,0x00000000c5b80000)
 Metaspace       used 15736K, capacity 16026K, committed 16256K, reserved 1062912K
  class space    used 2059K, capacity 2165K, committed 2176K, reserved 1048576K
}
Event: 176,189 GC heap before
{Heap before GC invocations=9 (full 0):
 PSYoungGen      total 69632K, used 69276K [0x00000000ebb80000, 0x00000000f0980000, 0x0000000100000000)
  eden space 62464K, 100% used [0x00000000ebb80000,0x00000000ef880000,0x00000000ef880000)
  from space 7168K, 95% used [0x00000000f0080000,0x00000000f07271f0,0x00000000f0780000)
  to   space 8192K, 0% used [0x00000000ef880000,0x00000000ef880000,0x00000000f0080000)
 ParOldGen       total 42496K, used 10746K [0x00000000c3200000, 0x00000000c5b80000, 0x00000000ebb80000)
  object space 42496K, 25% used [0x00000000c3200000,0x00000000c3c7eb28,0x00000000c5b80000)
 Metaspace       used 16184K, capacity 16572K, committed 16896K, reserved 1064960K
  class space    used 2116K, capacity 2238K, committed 2304K, reserved 1048576K

